# JRE version: Java(TM) SE Runtime Environment (8.0_131-b11) (build 1.8.0_131-b11)
# Java VM: Java HotSpot(TM) 64-Bit Server VM (25.131-b11 mixed mode windows-amd64 compressed oops)
Heap:
 PSYoungGen      total 142848K, used 126625K [0x00000000d5980000, 0x00000000e6f80000, 0x0000000100000000)
  eden space 131584K, 96% used [0x00000000d5980000,0x00000000dd5287e0,0x00000000dda00000)
  from space 11264K, 0% used [0x00000000dda00000,0x00000000dda00000,0x00000000de500000)
  to   space 10752K, 0% used [0x00000000e6500000,0x00000000e6500000,0x00000000e6f80000)
 ParOldGen       total 52736K, used 8999K [0x0000000080c00000, 0x0000000083f80000, 0x00000000d5980000)
  object space 52736K, 17% used [0x0000000080c00000,0x00000000814c9e20,0x0000000083f80000)
 Metaspace       used 27335K, capacity 28234K, committed 28544K, reserved 1075200K
  class space    used 3422K, capacity 3639K, committed 3712K, reserved 1048576K
GC Heap History (10 events):
Event: 6.745 GC heap before
{Heap before GC invocations=4 (full 0):
 PSYoungGen      total 38400K, used 38382K [0x00000000d5980000, 0x00000000da480000, 0x0000000100000000)
  eden space 33280K, 100% used [0x00000000d5980000,0x00000000d7a00000,0x00000000d7a00000)
  from space 5120K, 99% used [0x00000000d7a00000,0x00000000d7efba58,0x00000000d7f00000)
  to   space 5120K, 0% used [0x00000000d9f80000,0x00000000d9f80000,0x00000000da480000)
 ParOldGen       total 87552K, used 301K [0x0000000080c00000, 0x0000000086180000, 0x00000000d5980000)
  object space 87552K, 0% used [0x0000000080c00000,0x0000000080c4b630,0x0000000086180000)
 Metaspace       used 13332K, capacity 13692K, committed 13824K, reserved 1060864K
  class space    used 1587K, capacity 1686K, committed 1792K, reserved 1048576K
Event: 6.773 GC heap after
Heap after GC invocations=4 (full 0):
 PSYoungGen      total 71680K, used 5092K [0x00000000d5980000, 0x00000000da480000, 0x0000000100000000)
  eden space 66560K, 0% used [0x00000000d5980000,0x00000000d5980000,0x00000000d9a80000)
  from space 5120K, 99% used [0x00000000d9f80000,0x00000000da4791b0,0x00000000da480000)
  to   space 5120K, 0% used [0x00000000d9a80000,0x00000000d9a80000,0x00000000d9f80000)
 ParOldGen       total 87552K, used 2035K [0x0000000080c00000, 0x0000000086180000, 0x00000000d5980000)
  object space 87552K, 2% used [0x0000000080c00000,0x0000000080dfce58,0x0000000086180000)
 Metaspace       used 13332K, capacity 13692K, committed 13824K, reserved 1060864K
  class space    used 1587K, capacity 1686K, committed 1792K, reserved 1048576K
}
Event: 8.195 GC heap before
{Heap before GC invocations=5 (full 0):
 PSYoungGen      total 71680K, used 71652K [0x00000000d5980000, 0x00000000da480000, 0x0000000100000000)
  eden space 66560K, 100% used [0x00000000d5980000,0x00000000d9a80000,0x00000000d9a80000)
  from space 5120K, 99% used [0x00000000d9f80000,0x00000000da4791b0,0x00000000da480000)
  to   space 5120K, 0% used [0x00000000d9a80000,0x00000000d9a80000,0x00000000d9f80000)
 ParOldGen       total 87552K, used 2035K [0x0000000080c00000, 0x0000000086180000, 0x00000000d5980000)
  object space 87552K, 2% used [0x0000000080c00000,0x0000000080dfce58,0x0000000086180000)
 Metaspace       used 16506K, capacity 17024K, committed 17280K, reserved 1064960K
  class space    used 1973K, capacity 2102K, committed 2176K, reserved 1048576K
Event: 8.248 GC heap after
Heap after GC invocations=5 (full 0):
 PSYoungGen      total 71680K, used 5101K [0x00000000d5980000, 0x00000000dee80000, 0x0000000100000000)
  eden space 66560K, 0% used [0x00000000d5980000,0x00000000d5980000,0x00000000d9a80000)
  from space 5120K, 99% used [0x00000000d9a80000,0x00000000d9f7b590,0x00000000d9f80000)
  to   space 9728K, 0% used [0x00000000de500000,0x00000000de500000,0x00000000dee80000)
 ParOldGen       total 87552K, used 5984K [0x0000000080c00000, 0x0000000086180000, 0x00000000d5980000)
  object space 87552K, 6% used [0x0000000080c00000,0x00000000811d8188,0x0000000086180000)
 Metaspace       used 16506K, capacity 17024K, committed 17280K, reserved 1064960K
  class space    used 1973K, capacity 2102K, committed 2176K, reserved 1048576K
}
Event: 9.860 GC heap before
{Heap before GC invocations=6 (full 0):
 PSYoungGen      total 71680K, used 71661K [0x00000000d5980000, 0x00000000dee80000, 0x0000000100000000)
  eden space 66560K, 100% used [0x00000000d5980000,0x00000000d9a80000,0x00000000d9a80000)
  from space 5120K, 99% used [0x00000000d9a80000,0x00000000d9f7b590,0x00000000d9f80000)
  to   space 9728K, 0% used [0x00000000de500000,0x00000000de500000,0x00000000dee80000)
 ParOldGen       total 87552K, used 5984K [0x0000000080c00000, 0x0000000086180000, 0x00000000d5980000)
  object space 87552K, 6% used [0x0000000080c00000,0x00000000811d8188,0x0000000086180000)
 Metaspace       used 19363K, capacity 20064K, committed 20224K, reserved 1067008K
  class space    used 2351K, capacity 2510K, committed 2560K, reserved 1048576K
Event: 9.887 GC heap after
Heap after GC invocations=6 (full 0):
 PSYoungGen      total 141312K, used 9710K [0x00000000d5980000, 0x00000000df180000, 0x0000000100000000)
  eden space 131584K, 0% used [0x00000000d5980000,0x00000000d5980000,0x00000000dda00000)
  from space 9728K, 99% used [0x00000000de500000,0x00000000dee7b910,0x00000000dee80000)
  to   space 11264K, 0% used [0x00000000dda00000,0x00000000dda00000,0x00000000de500000)
 ParOldGen       total 87552K, used 6011K [0x0000000080c00000, 0x0000000086180000, 0x00000000d5980000)
  object space 87552K, 6% used [0x0000000080c00000,0x00000000811dec78,0x0000000086180000)
 Metaspace       used 19363K, capacity 20064K, committed 20224K, reserved 1067008K
  class space    used 2351K, capacity 2510K, committed 2560K, reserved 1048576K
}
Event: 10.387 GC heap before
{Heap before GC invocations=7 (full 0):
 PSYoungGen      total 141312K, used 27565K [0x00000000d5980000, 0x00000000df180000, 0x0000000100000000)
  eden space 131584K, 13% used [0x00000000d5980000,0x00000000d6aefca8,0x00000000dda00000)
  from space 9728K, 99% used [0x00000000de500000,0x00000000dee7b910,0x00000000dee80000)
  to   space 11264K, 0% used [0x00000000dda00000,0x00000000dda00000,0x00000000de500000)
 ParOldGen       total 87552K, used 6011K [0x0000000080c00000, 0x0000000086180000, 0x00000000d5980000)
  object space 87552K, 6% used [0x0000000080c00000,0x00000000811dec78,0x0000000086180000)
 Metaspace       used 20533K, capacity 21190K, committed 21296K, reserved 1069056K
  class space    used 2509K, capacity 2671K, committed 2688K, reserved 1048576K
Event: 10.426 GC heap after
Heap after GC invocations=7 (full 0):
 PSYoungGen      total 142848K, used 5431K [0x00000000d5980000, 0x00000000e6f80000, 0x0000000100000000)
  eden space 131584K, 0% used [0x00000000d5980000,0x00000000d5980000,0x00000000dda00000)
  from space 11264K, 48% used [0x00000000dda00000,0x00000000ddf4dc18,0x00000000de500000)
  to   space 10752K, 0% used [0x00000000e6500000,0x00000000e6500000,0x00000000e6f80000)
 ParOldGen       total 87552K, used 8607K [0x0000000080c00000, 0x0000000086180000, 0x00000000d5980000)
  object space 87552K, 9% used [0x0000000080c00000,0x0000000081467d98,0x0000000086180000)
 Metaspace       used 20533K, capacity 21190K, committed 21296K, reserved 1069056K
  class space    used 2509K, capacity 2671K, committed 2688K, reserved 1048576K
}
Event: 10.426 GC heap before
{Heap before GC invocations=8 (full 1):
 PSYoungGen      total 142848K, used 5431K [0x00000000d5980000, 0x00000000e6f80000, 0x0000000100000000)
  eden space 131584K, 0% used [0x00000000d5980000,0x00000000d5980000,0x00000000dda00000)
  from space 11264K, 48% used [0x00000000dda00000,0x00000000ddf4dc18,0x00000000de500000)
  to   space 10752K, 0% used [0x00000000e6500000,0x00000000e6500000,0x00000000e6f80000)
 ParOldGen       total 87552K, used 8607K [0x0000000080c00000, 0x0000000086180000, 0x00000000d5980000)
  object space 87552K, 9% used [0x0000000080c00000,0x0000000081467d98,0x0000000086180000)
 Metaspace       used 20533K, capacity 21190K, committed 21296K, reserved 1069056K
  class space    used 2509K, capacity 2671K, committed 2688K, reserved 1048576K
Event: 10.503 GC heap after
Heap after GC invocations=8 (full 1):
 PSYoungGen      total 142848K, used 0K [0x00000000d5980000, 0x00000000e6f80000, 0x0000000100000000)
  eden space 131584K, 0% used [0x00000000d5980000,0x00000000d5980000,0x00000000dda00000)
  from space 11264K, 0% used [0x00000000dda00000,0x00000000dda00000,0x00000000de500000)
  to   space 10752K, 0% used [0x00000000e6500000,0x00000000e6500000,0x00000000e6f80000)
 ParOldGen       total 52736K, used 8999K [0x0000000080c00000, 0x0000000083f80000, 0x00000000d5980000)
  object space 52736K, 17% used [0x0000000080c00000,0x00000000814c9e20,0x0000000083f80000)
 Metaspace       used 20533K, capacity 21190K, committed 21296K, reserved 1069056K
  class space    used 2509K, capacity 2671K, committed 2688K, reserved 1048576K
}

